[    0.000000] Initializing cgupsubsys cpuet
[    0.000000] Initializing cgroup subsys cpu
[    0.000000] Initializing crop subsys cpuacct
[   .00000] Linux vesin 4.4.0-137-generic (buildd@lgw01-amd64-377) (gcc version.40 20160609 (Ubuntu 5.4.0-6ubuntu1~16.4.10) ) #163-Ubuntu SMP Mon Sep 24 13:14:43 UTC 208 buntu 44.-17.16-gneic 4.14)
[   .00000] Command line: BOOT_IMAGE=/boot/vmlinuz-4.4.0-137-generic root=LABEL=cloudimg-rootfs ro console=tty1 console=ttyS0
[    0.000000] KERNEL supported cpus:
[    00000]  Iel GenuineIntel
[    0.000000]   AMD AuthenticAMD
[    0.000000]   Cetaur CentauHaul
    0.0000 x86/fpu: xstate_offset[2]:  576, xstate_sizes[2]:  256
[    0.000000] x86/fpu: Supporin XAVE feaur 001: x87 floating point registers'
[    0.000000] x86/fpu:Supportig SAE feature 0x02: 'SSE resters'
[    0.000000] x86/fpu:upporting XSAVE fature 0x04: 'AVX registers'
[   .000000] x86/fpu: Enbled xstate features 0x7, context size is 832 bytes, usg 'standard' format.
[   .00000] e820: BIS-roided physialRA map:
[    0.000000] BIOS-e80: [mem 0x0000000000000000-0x000000000009fbff] usable
[    0.000000] BIOS-e820: [mem 0x000000000009fc00-0x00000000000ffff] served
[    0.000000] BIOS-e820: [mem 0x00000000000f0000-0x00000000fffff] reserved
[    000000] BIOS-e820: [m 0x00000000100000-0x000000003ffeffff] usable
[    0.000000] BIOS-e820: [mem 0x00000000ff000-0x000000003fffffff] ACPI dta
[    0000000] BOSe820: [mem 0x00000000fec0000-0x00000000fc0fff] reseve
    0.000000]IO-e820: [me 00000000fee00000-0x00000000fee00fff] reserved
[    0.000000] BIOS-e820: [mem 0x00000000fffc000-x000000ffffff]reered
[    0.0000] NX (Execute Disable) protection: active
[    0.000000] SMBIOS 2.5 present.
[   .00000] Hypervisor detected: VM
[    0.000000] e80:last_fn= 0x3fff0 max_arch_pfn = 0x400000000
[    0.000000] MTRR: Disabled
[    0.000000] x86/PAT: MTRRs disabled, kipig PAT inialization too.
[    000000] CPU TRR al bank - virtualized system.
[    0.000000] x86/PAT: Configuration [0-7]: WB  WT  UC- UC  WB  WT  UC- UC  
[    0.000000] found SMP MP-table at [mem 0x0009fff0-0x0009ffff] mapped at [ffff88000009fff0]
[    0.0000] Scanning1 res for lw emry corruption
[    0.00000] RAMDISK: [mem x330000-0x3717fff]
[   .00000] ACPI: Eary able checksu verfiation disale
    0.0000 ACPI: RSDP0x000000000000 00024(v2 BOX  )    0.00000]ACI: XSDT 0x00000003FFF0030 0003C(v01 VBOX   VBOXXSDT 00000001 ASL  0000061)
[   .000000 ACPI: FACP 0x000000003FFF00F0 0000F4 (v04 VBOX   VBOXFACP 00000001 ASL  00000061)
[    0.000000] ACPI: DSDT 0x000000003FFF0470 0021FF (v02 VBOX   VBOXBIOS 00000002 INTL 20100528)
[    0.000000] ACPI: FACS 0x000000003FFF0200 000040
[    0.000000] ACPI: FACS 0x000000003FFF0200 000040
[    0.000000] ACPI: APIC 0x000000003FFF0240 00005C (v02 VBOX   VBOXAPIC 00000001 ASL  00000061)
[    0.000000] ACPI: SSDT 0x000000003FFF02A0 0001CC (v01 VBOX   VBOXCPUT 00000002 INTL 20100528)
[    0.000000] No NUMA configuration found
[    0.000000] Faking a node at [mem0x000000000000-0x000000003ffeffff]
[    0.000000] NDE_DATA(0) allocaed[mem 0xfe000-0x3ffeffff
   0.000000] kvm-clk:Ussing mss b564d1 and 4b564d0
   0.00000 km-clok:cp 0, msr 0:fe3001, primary puclck
[  0000000] kvm-clock: uin shed offse o 377711364 cycles[   0.000000] cocsorce: kvm-clock: mas 0xfffffffffffff maxcyles: x1cd42e4dffb, max_idle_ns: 881590591483 ns
[    0.0000] Zoe anges:
[    0.000000]   DMA      [mem 0x0000000000001000-0x0000000000ffffff]
[    0.000000]   DMA32    [mem 0x0000000001000000-0x000000003ffeffff]
[    0.000000]   Normal   empty
[    0.000000]   Device   empty
[    0.000000] Movable zone start for each node
[    0.000000] Early memory node ranges
[    0.000000]   node   0: [mem 0x000000000000100-0x000000000009efff]
[    0.000000]   node   0: [mem 0x000000000010000-0x00000003fefff]
[   .00000] Iitemsetup node 0 [mem 0x0000000000001000-0x000000003ffeffff]
[    0.000000] ACPI: PM-Timer IO Port: 0x4008
[    0000000] IOAPIC[0]: apic_id 2, version 32, address 0xfec00000, SI 0-23[   0.000000ACI: INT_SRC_VR(bs 0 bus_irq 0 gloalir 2 dfl dfl)
[   0.000000] ACPI: INT_SRC_OVR (bus0 usirq  gobal_irq 9 low level)
[    0.000000] Using ACPI (MADT) for SMP configuration information
[    0.000000] smpboot: Allowing 2 CPUs, 0 hotplug CPUs
[    0.000000] PM: Registered nosave memory: [mem 0x0000000x00000ff]
[   0.000000] M:Reistered nosave memory: [mem x0009f000x009ffff]
[    0.000000] PM: Registered nosave memory: [mem 0x000a0000-0x000effff]
[    0.000000]PM Rgisterenosav meory:mem 0x000f0000-0x000fffff]
[    0.000000] e820: [mem 0x40000000-0xfebfffff] available for PCI devices
[    0.000000] Booting paravirtualized kernel on KVM
[    0.000000] clocksouce: efined-jiffies: mask: 0xffffffff max_cycles: 0xffffffff, max_idle_ns: 7645519600211568 ns
[    0.000000] setup_percpu: NR_CPUS:512 nr_cpumask_bits:512 nr_cpu_ids:2 nr_node_ids:1
[    0.000000] PERCPU: Embedded 34 pages/cpu @ffff88003fc00000 s99608 r8192 d31464 u1048576
[    0.000000] PV qspinlock hash table entries: 256 (order: 0, 409 bte)
[    000000] Built 1 zneiss in No order, mobility guping on.  Total pages: 2591
[    0.0000] olicy ne DMA3
   0.000000] Kernel command line: BOOT_IAG=/boot/vmlinuz-4.4.0-137-generic root=LABEL=cloudimg-rootfs ro consol=tty1 csole=tt0
[  0.00000] PID has tbl entries: 406 orer: 3,3268bytes)
[   .000000] Memory: 997716K/1048120K available (8555K kernel code, 1314K rwdata,4004K rodata, 1528K init, 1316K bss, 50404K reserved, 0K cma-reserved)
[    0.000000] SLUB: HWalign=64, Order=0-3, MinObjects=0, CPUs=2, Nodes=1
[    0.000000] Kernel/User page tables isolation: enabled
[   0.00000 Hiearchical RCU implementation.
[    0.000000] 	Build-time adjustment of leaf fanout to 64.
[    0.000000] 	RCU restricting CPUs from NR_CPUS=512 to nr_cpu_ids=2.
[    0.000000] RCU: Adjusting geometry for rcu_fanout_leaf=64, nr_cpu_ids=2
[    0.000000] NR_IRQS:33024 nr_irqs:440 16
[    0.000000] Console: colour VGA+ 80x25
[    0.000000] console [tty1] enabled
[    0.000000] console [ttyS0] enabled
[    0.000000] tsc: Detected 1599.999 MHz prcessor
[    7.760193] Calibrating delay loop (skipped) preset value.. 199.99 BogoMIPS (lpj=6399996)
[    7.812531] pid_max: default: 32768 minimum: 301
[    7.819958] ACPI: Core revision 20150930
[    7.829588] ACPI: 2 ACPI AML tables successfully acquired and loaded
[    7.848059] Security Framework initialized
[    7.879278] Yama: becoming mindful.
[    7.892666] AppArmor: AppArmor initialized
[    7.904506] Dentry cache hash table entries: 131072 (order: 8, 1048576 bytes)
[    7.909281] Inode-cache hash table entries: 65536 (order: 7, 524288 bytes)
[    7.918378] Mount-cache hash table entries: 2048 (order: 2, 16384 bytes)
[    7.946543] Mountpoint-cache hash table entries: 2048 (order: 2, 16384 bytes)
[    7.972876] Initializing cgroup subsys io
[    7.976517] Initializing cgroup subsys memory
[    7.991489] Initializing cgroup subsys devices
[    8.027495] Initializing cgroup subsys freezer
[    8.031631] Initializing cgroup subsys net_cls
[    8.075812] Initializing cgroup subsys perf_event
[    8.087400] Initializing cgroup subsys net_prio
[    8.092142] Initializing cgroup subsys hugetlb
[    8.093377] Initializing cgroup subsys pids
[    8.100555] mce: CPU supports 0 MCE banks
[    8.104513] Last level iTLB entries: 4KB 64, 2MB 8, 4MB 8
[    8.147639] Last level dTLB entries: 4KB 64, 2MB 0, 4MB 0, 1GB 4
[    8.168347] Spectre V2 : Mitigation: Full generic retpoline
[    8.169800] Spectre V2 : Spectre v2 mitigation: Speculation control IBPB not-supported IBRS not-supported
[    8.197704] Spectre V2 : Spectre v2 / SpectreRSB mitigation: Filling RSB on context switch
[    8.256174] Speculative Store Bypass: Vulnerable
[    8.279008] Freeing SMP alternatives memory: 32K
[    8.325223] ftrace: allocating 32265 entries in 127 pages
[    8.420274] smpboot: APIC(0) Converting physical 0 to logical package 0
[    8.445406] smpboot: Max logical packages: 1
[    8.472971] x2apic enabled
[    8.484570] Switched APIC routing to physical x2apic.
[    8.487172] ..TIMER: vector=0x30 apic1=0 pin1=2 apic2=-1 pin2=-1
[    8.595360] smpboot: CPU0: Intel(R) Core(TM) i5-5250U CPU @ 1.60GHz (family: 0x6, model: 0x3d, stepping: 0x4)
[    8.632397] Performance Events: unsupported p6 CPU model 61 no PMU driver, software events only.
[    8.668262] KVM setup paravirtual spinlock
[    8.697127] x86: Booting SMP configuration:
[    8.715911] .... node  #0, CPUs:      #1
[    8.727165] kvm-clock: cpu 1, msr 0:3ffe3041, secondary cpu clock
[    8.729491] mce: CPU supports 0 MCE banks
[    8.732335] x86: Booted up 1 node, 2 CPUs
[    8.745517] smpboot: Total of 2 processors activated (6399.99 BogoMIPS)
[    8.747886] devtmpfs: initialized
[    8.754132] evm: security.selinux
[    8.755333] evm: security.SMACK64
[    8.756458] evm: security.SMACK64EXEC
[    8.757604] evm: security.SMACK64TRANSMUTE
[    8.758841] evm: security.SMACK64MMAP
[    8.759967] evm: security.ima
[    8.761040] evm: security.capability
[    8.762396] clocksource: jiffies: mask: 0xffffffff max_cycles: 0xffffffff, max_idle_ns: 7645041785100000 ns
[    8.771084] futex hash table entries: 512 (order: 3, 32768 bytes)
[    8.841513] pinctrl core: initialized pinctrl subsystem
[    8.871631] RTC time: 15:57:27, date: 10/31/18
[    8.874627] NET: Registered protocol family 16
[    8.890212] cpuidle: using governor ladder
[    8.901953] cpuidle: using governor menu
[    8.909048] PCCT header not found.
[    8.922607] ACPI: bus type PCI registered
[    8.946000] acpiphp: ACPI Hot Plug PCI Controller Driver version: 0.5
[    8.974305] PCI: Using configuration type 1 for base access
[    8.999456] ACPI: Added _OSI(Module Device)
[    9.011491] ACPI: Added _OSI(Processor Device)
[    9.019622] ACPI: Added _OSI(3.0 _SCP Extensions)
[    9.038504] ACPI: Added _OSI(Processor Aggregator Device)
[    9.056448] ACPI: Executed 1 blocks of module-level executable AML code
[    9.097216] ACPI: Interpreter enabled
[    9.125642] ACPI: (supports S0 S5)
[    9.134764] ACPI: Using IOAPIC for interrupt routing
[    9.136303] PCI: Using host bridge windows from ACPI; if necessary, use "pci=nocrs" and report a bug
[    9.143871] ACPI: PCI Root Bridge [PCI0] (domain 0000 [bus 00-ff])
[    9.169804] acpi PNP0A03:00: _OSC: OS supports [ASPM ClockPM Segments MSI]
[    9.196559] acpi PNP0A03:00: _OSC: not requesting OS control; OS requires [ExtendedConfig ASPM ClockPM MSI]
[    9.245469] acpi PNP0A03:00: fail to add MMCONFIG information, can't access extended PCI configuration space under this bridge.
[    9.291174] PCI host bridge to bus 0000:00
[    9.306181] pci_bus 0000:00: root bus resource [io  0x0000-0x0cf7 window]
[    9.340790] pci_bus 0000:00: root bus resource [io  0x0d00-0xffff window]
[    9.371830] pci_bus 0000:00: root bus resource [mem 0x000a0000-0x000bffff window]
[    9.392519] pci_bus 0000:00: root bus resource [mem 0x40000000-0xfdffffff window]
[    9.394813] pci_bus 0000:00: root bus resource [bus 00-ff]
[    9.398374] pci 0000:00:01.1: legacy IDE quirk: reg 0x10: [io  0x01f0-0x01f7]
[    9.428678] pci 0000:00:01.1: legacy IDE quirk: reg 0x14: [io  0x03f6]
[    9.430637] pci 0000:00:01.1: legacy IDE quirk: reg 0x18: [io  0x0170-0x0177]
[    9.432674] pci 0000:00:01.1: legacy IDE quirk: reg 0x1c: [io  0x0376]
[    9.518789] pci 0000:00:07.0: quirk: [io  0x4000-0x403f] claimed by PIIX4 ACPI
[    9.556920] pci 0000:00:07.0: quirk: [io  0x4100-0x410f] claimed by PIIX4 SMB
[    9.566805] ACPI: PCI Interrupt Link [LNKA] (IRQs 5 9 10 *11)
[    9.569321] ACPI: PCI Interrupt Link [LNKB] (IRQs 5 9 *10 11)
[    9.590047] ACPI: PCI Interrupt Link [LNKC] (IRQs 5 *9 10 11)
[    9.604497] ACPI: PCI Interrupt Link [LNKD] (IRQs 5 9 10 *11)
[    9.616307] ACPI: Enabled 2 GPEs in block 00 to 07
[    9.618204] vgaarb: setting as boot device: PCI:0000:00:02.0
[    9.636417] vgaarb: device added: PCI:0000:00:02.0,decodes=io+mem,owns=io+mem,locks=none
[    9.670785] vgaarb: loaded
[    9.683127] vgaarb: bridge control possible 0000:00:02.0
[    9.692085] SCSI subsystem initialized
[    9.693662] ACPI: bus type USB registered
[    9.703975] usbcore: registered new interface driver usbfs
[    9.736939] usbcore: registered new interface driver hub
[    9.767278] usbcore: registered new device driver usb
[    9.783570] PCI: Using ACPI for IRQ routing
[    9.790354] NetLabel: Initializing
[    9.799583] NetLabel:  domain hash size = 128
[    9.801240] NetLabel:  protocols = UNLABELED CIPSOv4
[    9.817149] NetLabel:  unlabeled traffic allowed by default
[    9.818847] amd_nb: Cannot enumerate AMD northbridges
[    9.837979] clocksource: Switched to clocksource kvm-clock
[    9.850615] AppArmor: AppArmor Filesystem Enabled
[    9.852675] pnp: PnP ACPI init
[    9.855057] pnp: PnP ACPI: found 3 devices
[   9.868389] clocksource: acpi_pm: mask: 0xffffff max_cycles: 0xffffff, max_idle_ns: 2085701024 ns
[    9.899758] NET: Registered protocol family 2

[    9.901075] TCP established hash table entries: 8192 (order: 4, 65536 bytes)
[    9.907753] TCP bind hash table entries: 8192 (order: 5, 131072 bytes)
[    9.909569] TCP: Hash tables onfgud (esblshd 192 bind 8192)
[   10.2377]UD hash table entries: 512 (order: 2, 16384 bytes)
[   10.324997] UDP-Lite hash table entries: 512 (order: 2, 16384 bytes)
[   10.328013] N: egstered protocol family 1
[   10.445055] pci 0000:00:00.0: Limiting direct PCI/PCI transfers
[   10.446880] pc 0000001.0: tiatng ISA DMA hang workarounds
[   10.672719] Unpacking initramfs...

[   10.950890] Freeing initrd memory: 14788K
[   10.978702] RAPL PMU detected, API unit is 2^-32 Joules, 4 fixed counters 10737418240 ms ovfl timer
[   11.003199] hw unit of domain pp0-core 2^-0 Joules
[   11.020476] hw unit of domain package 2^-0 Joules
[   11.038697] hw unit of domain dram 2^-0 Joules
[   11.039997] hw unit of domain pp1-gpu 2^-0 Joules
[   11.041500] platform rtc_cmos: registered platform RTC device (no PNP device found)
[   11.049394] Scanning for low memory corruption every 60 seconds
[   11.051769] audit: initializing netlink subsys (disabled)
[   11.053593] audit: type=2000 audit(1541001445.561:1): initialized
[   11.152341] Initialise system trusted keyring
[   11.178149] HugeTLB registered 2 MB page size, pre-allocated 0 pages
[   11.184459] zbud: loaded
[   11.186417] VFS: Disk quotas dquot_6.6.0
[   11.199517] VFS: Dquot-cache hash table entries: 512 (order 0, 4096 bytes)
[   11.246856] squashfs: version 4.0 (2009/01/31) Phillip Lougher
[   11.287838] fuse init (API version 7.23)
[   11.311398] Key type big_key registered
[   11.336912] Allocating IMA MOK and blacklist keyrings.
[   11.341602] Key type asymmetric registered
[   11.367183] Asymmetric key parser 'x509' registered
[   11.379470] Block layer SCSI generic (bsg) driver version 0.4 loaded (major 249)
[   11.392740] io scheduler noop registered
[   11.438084] io scheduler deadline registered (default)
[   11.444947] io scheduler cfq registered
[   11.446299] pci_hotplug: PCI Hot Plug PCI Core version: 0.5
[   11.448025] pciehp: PCI Express Hot Plug Controller Driver version: 0.4
[   11.467080] ACPI: AC Adapter [AC] (off-line)
[   11.502698] input: Power Button as /devices/LNXSYSTM:00/LNXPWRBN:00/input/input0
[   11.518084] ACPI: Power Button [PWRF]
[   11.540806] input: Sleep Button as /devices/LNXSYSTM:00/LNXSLPBN:00/input/input1
[   11.562364] ACPI: Sleep Button [SLPF]
[   11.567584] ACPI: Battery Slot [BAT0] (battery present)
[   11.569197] GHES: HEST is not enabled!
[   11.585075] Serial: 8250/16550 driver, 32 ports, IRQ sharing enabled
ÿ[   11.673530] 00:02: ttyS0 at I/O 0x3f8 (irq = 4, base_baud = 115200) is a 16550A
[   11.723306] Linux agpgart interface v0.103
[   11.744831] loop: module loaded
[   11.775717] scsi host0: ata_piix
[   11.777213] scsi host1: ata_piix
[   11.778242] ata1: PATA max UDMA/33 cmd 0x1f0 ctl 0x3f6 bmdma 0xd000 irq 14
[   11.780170] ata2: PATA max UDMA/33 cmd 0x170 ctl 0x376 bmdma 0xd008 irq 15
[   11.782195] libphy: Fixed MDIO Bus: probed
[   11.792176] tun: Universal TUN/TAP device driver, 1.6
[   11.793605] tun: (C) 1999-2004 Max Krasnyansky <maxk@qualcomm.com>
[   11.882258] PPP generic driver version 2.4.2
[   11.884137] ehci_hcd: USB 2.0 'Enhanced' Host Controller (EHCI) Driver
[   11.888732] ehci-pci: EHCI PCI platform driver
[   11.900915] ehci-platform: EHCI generic platform driver
[   11.902962] ohci_hcd: USB 1.1 'Open' Host Controller (OHCI) Driver
[   11.904816] ohci-pci: OHCI PCI platform driver
[   11.906162] ohci-platform: OHCI generic platform driver
[   11.907779] uhci_hcd: USB Universal Host Controller Interface driver
[   11.909967] i8042: PNP: PS/2 Controller [PNP0303:PS2K,PNP0f03:PS2M] at 0x60,0x64 irq 1,12
[   11.914573] serio: i8042 KBD port at 0x60,0x64 irq 1
[   11.916446] serio: i8042 AUX port at 0x60,0x64 irq 12
[   11.924009] mousedev: PS/2 mouse device common for all mice
[   11.927554] input: AT Translated Set 2 keyboard as /devices/platform/i8042/serio0/input/input2
[   11.931263] rtc_cmos rtc_cmos: rtc core: registered rtc_cmos as rtc0
[   11.933694] rtc_cmos rtc_cmos: alarms up to one day, 114 bytes nvram
[   11.935826] i2c /dev entries driver
[   11.937257] device-mapper: uevent: version 1.0.3
[   11.939033] device-mapper: ioctl: 4.34.0-ioctl (2015-10-28) initialised: dm-devel@redhat.com
[   11.941667] ledtrig-cpu: registered to indicate activity on CPUs
[   11.944492] NET: Registered protocol family 10
[   11.947473] NET: Registered protocol family 17
[   11.949475] Key type dns_resolver registered
[   11.952161] registered taskstats version 1
[   11.954622] Loading compiled-in X.509 certificates
[   11.964621] Loaded X.509 cert 'Build time autogenerated kernel key: 20acc96b50ca7641011eace69d32209215a9b56f'
[   11.971704] zswap: loaded using pool lzo/zbud
[   11.979775] Key type trusted registered
[   11.992024] Key type encrypted registered
[   12.001013] AppArmor: AppArmor sha1 policy hashing enabled
[   12.017303] ima: No TPM chip found, activating TPM-bypass!
[   12.026561] ima: Allocated hash algorithm: sha1
[   12.029520] evm: HMAC attrs: 0x1
[   12.033769]   Magic number: 6:389:994
[   12.038531] rtc_cmos rtc_cmos: setting system clock to 2018-10-31 15:57:30 UTC (1541001450)
[   12.042129] tsc: Refined TSC clocksource calibration: 1600.147 MHz
[   12.042133] clocksource: tsc: mask: 0xffffffffffffffff max_cycles: 0x1710afcfbd5, max_idle_ns: 440795259151 ns
[   12.064076] BIOS EDD facility v0.16 2004-Jun-25, 0 devices found
[   12.065710] EDD information not available.
[   12.068640] Freeing unused kernel memory: 1528K
[   12.082222] Write protecting the kernel read-only data: 14336k
[   12.084563] Freeing unused kernel memory: 1672K
[   12.108034] Freeing unused kernel memory: 92K
Loading, please wait...
[   12.128319] random: systemd-udevd: uninitialized urandom read (16 bytes read, 5 bits of entropy available)
starting version 229
[   12.129317] random: udevadm: uninitialized urandom read (16 bytes read, 5 bits of entropy available)
[   12.129341] random: udevadm: uninitialized urandom read (16 bytes read, 5 bits of entropy available)
[   12.138750] random: udevadm: uninitialized urandom read (16 bytes read, 5 bits of entropy available)
[   12.138800] random: udevadm: uninitialized urandom read (16 bytes read, 5 bits of entropy available)
[   12.138950] random: udevadm: uninitialized urandom read (16 bytes read, 5 bits of entropy available)
[   12.139006] random: udevadm: uninitialized urandom read (16 bytes read, 5 bits of entropy available)
[   12.139057] random: udevadm: uninitialized urandom read (16 bytes read, 5 bits of entropy available)
[   12.139109] random: udevadm: uninitialized urandom read (16 bytes read, 5 bits of entropy available)
[   12.139160] random: udevadm: uninitialized urandom read (16 bytes read, 5 bits of entropy available)
[   12.273811] e1000: Intel(R) PRO/1000 Network Driver - version 7.3.21-k8-NAPI
[   12.303247] e1000: Copyright (c) 1999-2006 Intel Corporation.
[   12.358586] Fusion MPT base driver 3.04.20
[   12.367471] Copyright (c) 1999-2008 LSI Corporation
[   12.382784] AVX2 version of gcm_enc/dec engaged.
[   12.384695] AES CTR mode by8 optimization enabled
[   12.405867] Fusion MPT SPI Host driver 3.04.20
[   12.562822] input: ImExPS/2 Generic Explorer Mouse as /devices/platform/i8042/serio1/input/input4
[   12.740381] e1000 0000:00:03.0 eth0: (PCI:33MHz:32-bit) 02:28:89:27:00:51
[   12.747913] e1000 0000:00:03.0 eth0: Intel(R) PRO/1000 Network Connection
[   12.771619] mptbase: ioc0: Initiating bringup
[   12.772856] e1000 0000:00:03.0 enp0s3: renamed from eth0
[   12.838757] ioc0: LSI53C1030 A0: Capabilities={Initiator}
[   13.026737] scsi host2: ioc0: LSI53C1030 A0, FwRev=00000000h, Ports=1, MaxQ=256, IRQ=20
[   13.156203] scsi 2:0:0:0: Direct-Access     VBOX     HARDDISK         1.0  PQ: 0 ANSI: 5
[   13.506057] scsi target2:0:0: Beginning Domain Validation
[   13.509220] scsi target2:0:0: Domain Validation skipping write tests
[   14.024907] scsi target2:0:0: Ending Domain Validation
[   14.039066] scsi target2:0:0: asynchronous
[   14.057903] scsi 2:0:1:0: Direct-Access     VBOX     HARDDISK         1.0  PQ: 0 ANSI: 5
[   14.091086] scsi target2:0:1: Beginning Domain Validation
[   14.331311] scsi target2:0:1: Domain Validation skipping write tests
[   15.034932] scsi target2:0:1: Ending Domain Validation
[   15.036976] scsi target2:0:1: asynchronous
[   15.046623] sd 2:0:0:0: [sda] 20971520 512-byte logical blocks: (10.7 GB/10.0 GiB)
[   15.083081] sd 2:0:0:0: Attached scsi generic sg0 type 0
[   15.111293] sd 2:0:0:0: [sda] Write Protect is off
[   15.134593] sd 2:0:0:0: [sda] Incomplete mode parameter data
[   15.134613] sd 2:0:1:0: [sdb] 20480 512-byte logical blocks: (10.5 MB/10.0 MiB)
[   15.135374] sd 2:0:1:0: [sdb] Write Protect is off
[   15.135712] sd 2:0:1:0: [sdb] Incomplete mode parameter data
[   15.135715] sd 2:0:1:0: [sdb] Assuming drive cache: write through
[   15.149383] sd 2:0:0:0: [sda] Assuming drive cache: write through
[   15.151480] sd 2:0:1:0: Attached scsi generic sg1 type 0
[   15.155716] sd 2:0:1:0: [sdb] Attached SCSI disk
[   15.166953]  sda: sda1
[   15.173679] sd 2:0:0:0: [sda] Attached SCSI disk
Begin: Loading e[   16.651145] md: linear personality registered for level -1
ssential drivers ... [   16.697520] md: multipath personality registered for level -4
[   16.707124] md: raid0 personality registered for level 0
[   16.718279] md: raid1 personality registered for level 1
[   16.802116] raid6: sse2x1   gen()  8091 MB/s
[   16.870097] raid6: sse2x1   xor()  3558 MB/s
[   16.962573] raid6: sse2x2   gen()  6413 MB/s
[   17.038076] raid6: sse2x2   xor()  6117 MB/s
[   17.114490] raid6: sse2x4   gen() 10886 MB/s
[   17.190159] raid6: sse2x4   xor()  7466 MB/s
[   17.258002] raid6: avx2x1   gen() 14813 MB/s
[   17.342008] raid6: avx2x2   gen() 16467 MB/s
[   17.414200] raid6: avx2x4   gen() 16021 MB/s
[   17.427384] raid6: using algorithm avx2x2 gen() 16467 MB/s
[   17.433231] raid6: using avx2x2 recovery algorithm
[   17.476138] xor: automatically using best checksumming function:
[   17.526347]    avx       : 22795.000 MB/sec
[   17.561799] async_tx: api initialized (async)
[   17.585128] md: raid6 personality registered for level 6
[   17.587107] md: raid5 personality registered for level 5
[   17.593901] md: raid4 personality registered for level 4
[   17.604261] md: raid10 personality registered for level 10
done.
Begin: Running /scripts/init-premount ... done.
Begin: Mounting root file system ... Begin: Running /scripts/local-top ... done.
Begin: Running /scripts/local-premount ... [   17.653742] Btrfs loaded
Scanning for Btrfs filesystems
done.
Warning: fsck not present, so sk[   17.749173] EXT4-fs (sda1): mounted filesystem with ordered data mode. Opts: (null)
ipping root file system
done.
Begin: Running /scripts/local-bottom ... done.
Begin: Running /scripts/init-bottom ... done.
[   18.110219]syted[1]: systemd 229 running in system mode. (+PAM +AUDIT +SELINUX +IMA +APPARMOR +SMACK +SYSVINIT +UTMP +LIBCRYPTSETUP +GCRYPT NULS +ACL +XZ -LZ4 +SECCMP +BLKD ELUTIS +KMOD -IDN)  184519] ysem[1: etcted virtualizationrale
[   8.869793] systemd[1]: Detected arhitectre x86-64.

Welcome to [1mUbuntu 16.04.5 LTS[0m!

[  19.049435] systemd[1]: Set hostname to <ubuntu>.
[   19.177357] systemd[1]: Initializing machine ID from random generator.
[   19.186262] systemd[1]: Installed transient /etc/machine-id file.
[   20.644877] systemd[1]: Set up automount Arbitrary Executable File Formats File System Automount Point.
[[0;32m  OK  [0m] Set up automount Arbitrary Executab...ats File System Automount Point.
[   21.054535] systemd[1]: Listening on /dev/inittl Compatiility amd ipe.
[[0;32m  OK  [0m] Listening on /dev/initctl Compatibility Named Pipe.
[  2.258641] systemd[1]: Listeng on udev Kernel Socket.
[[0;32m  OK  [0m] Listening on udev Kernel Socket.
[  2.586821] ystemd[1] Lstnig n ysogSocket.
[[0;32m  OK  [0m] Listening on Syslog Socket.
[   2.41917] systemd[1: tated Forward Password Requeststo WllDiecory Watch.
[[0;32m  OK  [0m] Started Forward Password Requests to Wall Directory Watch.
[   23.098743] systemd[1]: Listening on udev Control Socket.
[[0;32m  OK  [0m] Listening on udev Control Socket.
[   23.131987] systemd[1]: Reacedtarget User and Group Na Lokps
[[0;32m  OK  [0m] Reached target User and Group Name Lookups.
[   24.077422] systemd[1]: Listening on LVM2 metadata daemon socke. [[0;32m  OK  [[   24.214358] random: nonblocking pool is initialized
0m] Listening on LVM2 metadata daemon socket.
[   24.818359] systemd[1]: Reached target Swap.
[[0;32m  OK  [0m] Reached target Swap.
[   24.838508] systemd[1]: Listening on Journal Socket (/dev/log).
[[0;32m  OK  [0m] Listening on Journal Socket (/dev/log).
[   24.864548] systemd[1]: Reached target System Time Synchronized.
[[0;32m  OK  [0m] Reached target System Time Synchronized.
[   24.867903] systemd[1]: Listening on Journal Audit Socket.
[[0;32m  OK  [0m] Listening on Journal Audit Socket.
[   24.906587] systemd[1]: Reached target Encrypted Volumes.
[[0;32m  OK  [0m] Reached target Encrypted Volumes.
[   24.950636] systemd[1]: Listening on Device-mapper event daemon FIFOs.
[[0;32m  OK  [0m] Listening on Device-mapper event daemon FIFOs.
[   24.999270] systemd[1]: Listening on Journal Socket.
[[0;32m  OK  [0m] Listening on Journal Socket.
[   25.048414] systemd[1]: Listening on LVM2 poll daemon socket.
[[0;32m  OK  [0m] Listening on LVM2 poll daemon socket.
[   25.062938] systemd[1]: Created slice System Slice.
[[0;32m  OK  [0m] Created slice System Slice.
[   25.102903] systemd[1]: Mounting Debug File System...
         Mounting Debug File System...
[   25.143762] systemd[1]: Mounting POSIX Message Queue File System...
         Mounting POSIX Message Queue File System...
[   25.165428] systemd[1]: Starting Journal Service...
         Starting Journal Service...
[   25.210345] systemd[1]: Starting Set console keymap...
         Starting Set console keymap...
[   25.267738] systemd[1]: Starting Remount Root and Kernel File Systems...
[   25.273118] EXT4-fs (sda1): re-mounted. Opts: (null)
         Starting Remount Root and Kernel File Systems...
[   25.318780] systemd[1]: Created slice system-serial\x2dgetty.slice.
[[0;32m  OK  [0m] Created slice system-serial\x2dgetty.slice.
[   25.351372] systemd[1]: Starting Nameserver information manager...
         Starting Nameserver information manager...
[   25.374396] systemd[1]: Starting Create list of required static device nodes for the current kernel...
         Starting Create list of required st... nodes for the current kernel...
[   25.392417] systemd[1]: Mounting Huge Pages File System...
         Mounting Huge Pages File System...
[   25.443774] systemd[1]: Starting Uncomplicated firewall...
         Starting Uncomplicated firewall...
[   25.486718] systemd[1]: Starting Load Kernel Modules...
         Starting Load Kernel Mo[   25.497183] Loading iSCSI transport class v2.0-870.
dules...
[   25.531497] iscsi: registered transport (tcp)
[   25.550055] systemd[1]: Starting Monitoring of LVM2 mirrors, snapshots etc. using dmeventd or progress polling...
         Starting Monitoring of LVM2 mirrors... dmeventd or progress polling...
[   25.592021] systemd[1]: Started Trigger resolvconf update for networkd DNS.
[[0;32m  OK  [0[   25.598176] iscsi: registered transport (iser)
m] Started Trigger resolvconf update for networkd DNS.
[   25.651368] systemd[1]: Created slice User and Session Slice.
[[0;32m  OK  [0m] Created slice User and Session Slice.
[   25.657182] systemd[1]: Reached target Slices.
[[0;32m  OK  [0m] Reached target Slices.
[   25.700301] systemd[1]: Mounted Debug File System.
[[0;32m  OK  [0m] Mounted Debug File System.
[   25.775543] systemd[1]: Mounted POSIX Message Queue File System.
[[0;32m  OK  [0m] Mounted POSIX Message Queue File System.
[   25.818541] systemd[1]: Mounted Huge Pages File System.
[[0;32m  OK  [0m] Mounted Huge Pages File System.
[   25.868983] systemd[1]: Started Journal Service.
[[0;32m  OK  [0m] Started Journal Service.
[[0;32m  OK  [0m] Started Set console keymap.
[[0;32m  OK  [0m] Started Remount Root and Kernel File Systems.
[[0;32m  OK  [0m] Started Create list of required sta...ce nodes for the current kernel.
[[0;32m  OK  [0m] Started Uncomplicated firewall.
[[0;32m  OK  [0m] Started Load Kernel Modules.
[[0;32m  OK  [0m] Started Nameserver information manager.
[[0;32m  OK  [0m] Started LVM2 metadata daemon.
         Starting Apply Kernel Variables...
         Mounting FUSE Control File System...
         Starting Create Static Device Nodes in /dev...
         Starting Load/Save Random Seed...
         Starting udev Coldplug all Devices...
         Starting Flush Journal to Persistent Storage...
[[0;32m  OK  [0m] Mounted FUSE Control File System.
[[0;32m  OK  [0m] Started Apply Kernel Variables.
[[0;32m  OK  [0m] Started Create Static Device Nodes in /dev.
[[0;32m  OK  [0m] Started Load/Save Random Seed.
[[0;32m  OK  [0m] Started udev Coldplug all Devices.
[[0;32m  OK  [0m] Started Flush Journal to Persistent Storage.
         Starting udev Kernel Device Manager...
[[0;32m  OK  [0m] Started Monitoring of LVM2 mirrors,...ng dmeventd or progress polling.
[[0;32m  OK  [0m] Started udev Kernel Device Manager.
[[0;32m  OK  [0m] Started Dispatch Password Requests to Console Directory Watch.
[[0;32m  OK  [0m] Reached target Local File Systems (Pre).
[[0;32m  OK  [0m] Reached target Local File Systems.
         Starting LSB: AppArmor initialization...
         Starting Initial cloud-init job (pre-networking)...
         Starting Create Volatile Files and Directories...
         Starting Set console font and keymap...
         Starting Commit a transient machine-id on disk...
         Starting Tell Plymouth To Write Out Runtime Data...
[[0;32m  OK  [0m] Started Create Volatile Files and Directories.
[[0;32m  OK  [0m] Started Tell Plymouth To Write Out Runtime Data.
[[0;32m  OK  [0m] Started Commit a transient machine-id on disk.
         Starting Update UTMP about System Boot/Shutdown...
[[0;32m  OK  [0m] Found device /dev/ttyS0.
[[0;32m  OK  [0m] Started Update UTMP about System Boot/Shutdown.
[[0;32m  OK  [0m] Listening on Load/Save RF Kill Switch Status /dev/rfkill Watch.
[[0;32m  OK  [0m] Started LSB: AppArmor initialization.
[[0;32m  OK  [0m] Started Set console font and keymap.
[[0;32m  OK  [0m] Created slice system-getty.slice.
[   19.825695] cloud-init[477]: Cloud-init v. 18.3-9-g2e62cb8a-0ubuntu1~16.04.2 running 'init-local' at Wed, 31 Oct 2018 15:57:47 +0000. Up 19.29 seconds.
[[0;32m  OK  [0m] Started Initial cloud-init job (pre-networking).
[[0;32m  OK  [0m] Reached target Network (Pre).
         Starting Raise network interfaces...
[[0;32m  OK  [0m] Started Raise network interfaces.
[[0;32m  OK  [0m] Reached target Network.
         Starting Initial cloud-init job (metadata service crawler)...
[   22.176209] cloud-init[922]: Cloud-init v. 18.3-9-g2e62cb8a-0ubuntu1~16.04.2 running 'init' at Wed, 31 Oct 2018 15:57:48 +0000. Up 21.21 seconds.
[   22.312914] [cloud-init[0;32m  OK  [0m[922]: ] ci-info: +++++++++++++++++++++++++++++++++++++Net device info+++++++++++++++++++++++++++++++++++++Started Initial cloud-init job (metadata service crawler).

[   22.315339] cloud-init[922]: ci-info: +--------+------+--------------------------+---------------+--------+-------------------+
[   22.390615] [[0;32m  OK  [0m] Reached target Network is Online.
cloud-init[922]: ci-info: | Device |  Up  |         Address          |      Mask     | Scope  |     Hw-Address    |
         Starting iSCSI initiator daemon (iscsid)...
[[0;32m  OK  [0m] Reached target System Initialization.
[   22.426312] cloud-init[922]: ci-info: +--------+------+--------------------------+---------------+--------+-------------------+
         Starting LXD - unix socket.
[   22.502679] cloud-init[922]: ci-info: | enp0s3 | True |        10.0.2.15         | 255.255.255.0 | global | 02:28:89:27:00:51 |
[   22.512326] cloud-init[922]: ci-info: | enp0s3 | True | fe80::28:89ff:fe27:51/64 |       .       |  link  | 02:28:89:27:00:51 |
[   22.569117] cloud-init[922]: ci-info: |   lo   | True |        127.0.0.1         |   255.0.0.0   |  host  |         .         |
         Starting Socket activation for snappy daemon.
[[0;32m  OK  [0m] Listening on ACPID Listen Socket.
[[0;32m  OK  [0m] Started Daily apt download activities.
[   22.655884] cloud-init[922]: ci-info: |   lo   | True |         ::1/128          |       .       |  host  |         .         |
[   22.737419] cloud-init[922]: ci-info: +--------+------+--------------------------+---------------+--------+-------------------+
[[0;32m  OK  [0m] Started Daily apt upgrade and clean activities.
[   22.745006] cloud-init[922]: ci-info: +++++++++++++++++++++++++++Route IPv4 info++++++++++++++++++++++++++++
[   22.748318] cloud-init[922]: ci-info: +-------+-------------+----------+---------------+-----------+-------+
[   22.748605] cloud-init[922]: ci-info: | Route | Destination | Gateway  |    Genmask    | Interface | Flags |
[   22.748852] cloud-init[922]: ci-info: +-------+-------------+----------+---------------+-----------+-------+
[   22.749115] cloud-init[922]: ci-info: |   0   |   0.0.0.0   | 10.0.2.2 |    0.0.0.0    |   enp0s3  |   UG  |
[   22.749159] cloud-init[922]: ci-info: |   1   |   10.0.2.0  | 0.0.0.0  | 255.255.255.0 |   enp0s3  |   U   |
[   22.749199] cloud-init[922]: ci-info: +-------+-------------+----------+---------------+-----------+-------+
[   22.749240] cloud-init[922]: ci-info: +++++++++++++++++++Route IPv6 info+++++++++++++++++++
[   22.749280] cloud-init[922]: ci-info: +-------+-------------+---------+-----------+-------+
[   22.749324] cloud-init[922]: ci-info: | Route | Destination | Gateway | Interface | Flags |
[   22.749364] cloud-init[922]: ci-info: +-------+-------------+---------+-----------+-------+
[   22.749404] cloud-init[922]: ci-info: |   0   |  fe80::/64  |    ::   |   enp0s3  |   U   |
[   22.749444] cloud-init[922]: ci-info: |   3   |   ff00::/8  |    ::   |   enp0s3  |   U   |
[   22.749484] cloud-init[922]: ci-info: +-------+-------------+---------+-----------+-------+
[   22.749907] cloud-init[922]: Generating public/private rsa key pair.
[   22.749958] cloud-init[922]: Your identification has been saved in /etc/ssh/ssh_host_rsa_key.
[   22.750005] cloud-init[922]: Your public key has been saved in /etc/ssh/ssh_host_rsa_key.pub.
[   22.750046] cloud-init[922]: The key fingerprint is:
[   22.750086] cloud-init[922]: SHA256:PZJ51cHSa7rw3s5Lv7A/ZggjujHF/MGO25UH079AZAI root@ubuntu-xenial
[   22.750125] cloud-init[922]: The key's randomart image is:
[   22.750164] cloud-init[922]: +---[RSA 2048]----+
[   22.750202] cloud-init[922]: |         E   o.  |
[   22.750241] cloud-init[922]: |          . ..o. |
[   22.750279] cloud-init[922]: |           ..+.. |
[   22.750318] cloud-init[922]: |        o+..+ +  |
[   22.750357] cloud-init[922]: |        S++o * . |
[   22.750395] cloud-init[922]: |        .+=++ + .|
[   22.750435] cloud-init[922]: |       o...=o*o..|
[   22.750476] cloud-init[922]: |       .o o +===.|
[   22.750514] cloud-init[922]: |       ... o.oO=+|
[   22.750554] cloud-init[922]: +----[SHA256]-----+
[   22.750592] cloud-init[922]: Generating public/private dsa key pair.
[   22.750631] cloud-init[922]: Your identification has been saved in /etc/ssh/ssh_host_dsa_key.
[   22.750671] cloud-init[922]: Your public key has been saved in /etc/ssh/ssh_host_dsa_key.pub.
[   22.750710] cloud-init[922]: The key fingerprint is:
[   22.750749] cloud-init[922]: SHA256:90dNqZQLaxR7o0nzcD97MsgU8tN6wtTb0tJXTZ7THtQ root@ubuntu-xenial
[   22.750790] cloud-init[922]: The key's randomart image is:
[   22.750828] cloud-init[922]: +---[DSA 1024]----+
[   22.750868] cloud-init[922]: |           .     |
[   22.750906] cloud-init[922]: |            o . o|
[   22.750945] cloud-init[922]: |          .B.* oE|
[   22.750983] cloud-init[922]: |          oo%+*=+|
[   22.751021] cloud-init[922]: |        S .==++**|
[   22.751060] cloud-init[922]: |         ..* = **|
[   22.751099] cloud-init[922]: |            B O.B|
[   22.751137] cloud-init[922]: |             + =o|
[   22.751178] cloud-init[922]: |                 |
[   22.751216] cloud-init[922]: +----[SHA256]-----+
[   22.751255] cloud-init[922]: Generating public/private ecdsa key pair.
[   22.751293] cloud-init[922]: Your identification has been saved in /etc/ssh/ssh_host_ecdsa_key.
[   22.751332] cloud-init[922]: Your public key has been saved in /etc/ssh/ssh_host_ecdsa_key.pub.
[   22.751371] cloud-init[922]: The key fingerprint is:
[   22.751409] cloud-init[922]: SHA256:33CzUVAvI4HDOvnrAqL/9MsGX2qBY036tzi9pH6LJAs root@ubuntu-xenial
[   22.751449] cloud-init[922]: The key's randomart image is:
[   22.751489] cloud-init[922]: +---[ECDSA 256]---+[[0;32m  OK  [0m] Started Daily Cleanup of Temporary Directories.
[[0;32m  OK  [0m] Reached target Timers.
[[0;32m  OK  [0m] Listening on UUID daemon activation socket.

[[0;32m  OK  [0m] Started ACPI Events Check.
[[0;32m  OK  [0m] Reached target Paths.
[[0;32m  OK  [0m] Listening on D-Bus System Message Bus Socket.
[[0;32m  OK  [0m] Reached target Cloud-config availability.
[   24.029735] cloud-init[922]: |         . .o..  |
[   24.109113] cloud-init[922]: |          +  o . |
[   24.109778] cloud-init[922]: |         o .. + .|
[[0;32m  OK  [0m] Listening on LXD - unix socket.
[[   24.110111] cloud-init[922]: |        =    o o |
[   24.178097] cloud-init[922]: |       =So. +    |
[   24.178372] cloud-init[0;32m  OK  [0m[922]: ] |    . B o.o+ +   |Listening on Socket activation for snappy daemon.

[[   24.179080] cloud-init[922]: |   .Eoo*.=o.o    |
[   24.198182] cloud-init[922]: |  .  o *O==      |
[0;32m  OK  [0m] Started iSCSI initiator daemon (iscsid).
[   24.198926] cloud-init[922]: |   ...o+OB=+     |
[   24.245298] cloud-init[922]: +----[SHA256]-----+
         Starting Login to default iSCSI targets...
[[0;32m  OK  [0m] Reached target Sockets.
[[0;32m  OK  [0m] Reached target Basic System.
[   24.247635] cloud-init[922]: Generating public/private ed25519 key pair.
[   24.292386] [[0;32m  OK  [0m] Started Regular background program processing daemon.
cloud-init[922]: Your identification has been saved in /etc/ssh/ssh_host_ed25519_key.
[   24.357011]          Starting Virtualbox guest utils...
cloud-init[922]: Your public key has been saved in /etc/ssh/ssh_host_ed25519_key.pub.
[   24.400774]          cloud-initStarting Accounts Service...[922]: 
The key fingerprint is:
[   24.417144] [[0;32m  OK  [0m] Started D-Bus System Message Bus.
cloud-init[922]: SHA256:ye3+9qWnDWEfW9yg4nTjk0iy2+pd/PornWlSs2wuUYU root@ubuntu-xenial
[   24.452678] cloud-init[922]: The key's randomart image is:
[   24.506378] cloud-init[922]: +--[ED25519 256]--+
[   24.522334] cloud-init[922]: |               . |
[   24.529631] cloud-init[922]: |              E .|
[   24.536529]          Starting LSB: MD monitoring daemon...
cloud-init[922]: |              .. |
         Starting Pollinate to seed the pseudo random number generator...
[[0;32m  OK  [0m] Started FUSE filesystem for LXC.
         Starting LSB: Record successful boot for GRUB...
[[0;32m  OK  [0m] Started ACPI event daemon.
[[0;32m  OK  [0m] Started Unattended Upgrades Shutdown.
[   24.562113] cloud-init[922]: |       . o   ..o.|
[[0;32m  OK  [0m] Started Deferred execution scheduler.
[   24.586515] cloud-init[922]: |        S = +.o.+|
         Starting Login Service...
         Starting /etc/rc.local Compatibility...
[   24.626083]          cloud-initStarting Snappy daemon...[922]: 
|         B *.+oo+|
[   24.633318] cloud-init[922]: |        . + *=.*o|
[   24.641462]          Starting System Logging Service...
cloud-init[922]: |         = .=oO=.|
         Starting LXD - container startup/shutdown...
[   24.686171] cloud-init[922]: |       .+.+oo@O+.|
[   24.768753] [cloud-init[0;32m  OK  [0m[922]: ] +----[SHA256]-----+Started System Logging Service.

[[0;32m  OK  [0m] Started /etc/rc.local Compatibility.
[[0;32m  OK  [0m] Started LXD - container startup/shutdown.
[[0;32m  OK  [0m] Started Login to default iSCSI targets.
[[0;32m  OK  [0m] Started LSB: MD monitoring daemon.
[[0;32m  OK  [0m] Started LSB: Record successful boot for GRUB.
[[0;32m  OK  [0m] Started Snappy daemon.
[[0;32m  OK  [0m] Started Virtualbox guest utils.
[[0;32m  OK  [0m] Started Login Service.
         Starting Authenticate and Authorize Users to Run Privileged Tasks...
         Starting Wait until snapd is fully seeded...
[[0;32m  OK  [0m] Reached target Remote File Systems (Pre).
[[0;32m  OK  [0m] Reached target Remote File Systems.
         Starting LSB: automatic crash report generation...
         Starting Permit User Sessions...
         Starting LSB: Set the CPU Frequency Scaling governor to "ondemand"...
         Starting LSB: daemon to balance interrupts for SMP systems...
[[0;32m  OK  [0m] Started Permit User Sessions.
[[0;32m  OK  [0m] Started Authenticate and Authorize Users to Run Privileged Tasks.
[[0;32m  OK  [0m] Started Accounts Service.
[[0;32m  OK  [0m] Started LSB: Set the CPU Frequency Scaling governor to "ondemand".
[[0;32m  OK  [0m] Started LSB: automatic crash report generation.
         Starting Hold until boot process finishes up...
         Starting Terminate Plymouth Boot Screen...
[[0;32m  OK  [0m] Started LSB: daemon to balance interrupts for SMP systems.
[[0;32m  OK  [0m] Started Hold until boot process finishes up.
[[0;32m  OK  [0m] Started Terminate Plymouth Boot Screen.
[[0;32m  OK  [0m] Started Serial Getty on ttyS0.
         Starting Set console scheme...
[[0;32m  OK  [0m] Started Getty on tty1.
[[0;32m  OK  [0m] Reached target Login Prompts.
[[0;32m  OK  [0m] Started Set console scheme.
[[0;32m  OK  [0m] Started Pollinate to seed the pseudo random number generator.
         Starting OpenBSD Secure Shell server...
[[0;32m  OK  [0m] Started OpenBSD Secure Shell server.
[[0;32m  OK  [0m] Created slice User Slice of vagrant.
         Starting User Manager for UID 1000...
[[0;32m  OK  [0m] Started Session 1 of user vagrant.
[[0;32m  OK  [0m] Started User Manager for UID 1000.
[[0;32m  OK  [0m] Started Wait until snapd is fully seeded.
[[0;32m  OK  [0m] Reached target Multi-User System.
[[0;32m  OK  [0m] Reached target Graphical Interface.
         Starting Update UTMP about System Runlevel Changes...
         Starting Apply the settings specified in cloud-config...
[[0;32m  OK  [0m] Started Update UTMP about System Runlevel Changes.
[   28.587124] cloud-init[1376]: Generating locales (this might take a while)...
         Stopping User Manager for UID 1000...
[[0;32m  OK  [0m] Stopped User Manager for UID 1000.
[[0;32m  OK  [0m] Removed slice User Slice of vagrant.
[[0;32m  OK  [0m] Created slice User Slice of vagrant.
         Starting User Manager for UID 1000...
[[0;32m  OK  [0m] Started Session 2 of user vagrant.
[[0;32m  OK  [0m] Started User Manager for UID 1000.
[   29.859791] cloud-init[1376]:   en_US.UTF-8... done
[   29.865253] cloud-init[1376]: Generation complete.
[   30.805997] cloud-init[1376]: Cloud-init v. 18.3-9-g2e62cb8a-0ubuntu1~16.04.2 running 'modules:config' at Wed, 31 Oct 2018 15:57:56 +0000. Up 28.28 seconds.

Ubuntu 16.04.5 LTS ubuntu-xenial ttyS0

ubuntu-xenial login: ci-info: no authorized ssh keys fingerprints found for user ubuntu.
<14>Oct 31 15:57:59 ec2: 
<14>Oct 31 15:57:59 ec2: #############################################################
<14>Oct 31 15:57:59 ec2: -----BEGIN SSH HOST KEY FINGERPRINTS-----
<14>Oct 31 15:57:59 ec2: 1024 SHA256:90dNqZQLaxR7o0nzcD97MsgU8tN6wtTb0tJXTZ7THtQ root@ubuntu-xenial (DSA)
<14>Oct 31 15:57:59 ec2: 256 SHA256:33CzUVAvI4HDOvnrAqL/9MsGX2qBY036tzi9pH6LJAs root@ubuntu-xenial (ECDSA)
<14>Oct 31 15:57:59 ec2: 256 SHA256:ye3+9qWnDWEfW9yg4nTjk0iy2+pd/PornWlSs2wuUYU root@ubuntu-xenial (ED25519)
<14>Oct 31 15:57:59 ec2: 2048 SHA256:PZJ51cHSa7rw3s5Lv7A/ZggjujHF/MGO25UH079AZAI root@ubuntu-xenial (RSA)
<14>Oct 31 15:57:59 ec2: -----END SSH HOST KEY FINGERPRINTS-----
<14>Oct 31 15:57:59 ec2: #############################################################
-----BEGIN SSH HOST KEY KEYS-----
ecdsa-sha2-nistp256 AAAAE2VjZHNhLXNoYTItbmlzdHAyNTYAAAAIbmlzdHAyNTYAAABBBGmCCZcZI9tfRfVLZE6ln67Ep+bz9VS6k7luEU26aNFVMhRBm52Ps9nS3EKSl5X6Kz8/mReyZ41wIDca25Gi0cQ= root@ubuntu-xenial
ssh-ed25519 AAAAC3NzaC1lZDI1NTE5AAAAIKP8CGjw0MxGdu2yiDfCxYsmuofWRf58cIBd4xoQO0Jv root@ubuntu-xenial
ssh-rsa AAAAB3NzaC1yc2EAAAADAQABAAABAQC4H+gbCfMOZNdNH1bAFP4yt7Gh8aVaW6n7eaDGGbfzdH1cfqEyC6J5SHKiJDPouqNIxGAWjwa1qJuXMySR06jASHr3m6a4ftK8O2lzewRZBmm5vKnoPwdtAEgGxixMX6WDLzACB7pJ7thVlxZyrdxAs41Og0SWCXWLZuVWu29Yb4GJ4NmRvmdFlDZmo0pIUcUOUjL/xvtVP8YCSivMDeJiA6XEP6UNyL+UVdlnsJfJ8haPwAqO5N6rfbjAsmFml83AESM/1Ru+DTJqtKCxUF7jY3D1O++dJdMlb++BEB954mQ76fUBOmTBQ5838VycJeISd1st9ChPU6T1UkUF1Uqx root@ubuntu-xenial
-----END SSH HOST KEY KEYS-----
[   31.895434] cloud-init[1563]: Cloud-init v. 18.3-9-g2e62cb8a-0ubuntu1~16.04.2 running 'modules:final' at Wed, 31 Oct 2018 15:57:59 +0000. Up 31.44 seconds.
[   31.895753] cloud-init[1563]: ci-info: no authorized ssh keys fingerprints found for user ubuntu.
[   31.895970] cloud-init[1563]: Cloud-init v. 18.3-9-g2e62cb8a-0ubuntu1~16.04.2 finished at Wed, 31 Oct 2018 15:57:59 +0000. Datasource DataSourceNoCloud [seed=/dev/sdb][dsmode=net].  Up 31.87 seconds
